# JRE version: Java(TM) SE Runtime Environment (8.0_131-b11) (build 1.8.0_131-b11)
# Java VM: Java HotSpot(TM) 64-Bit Server VM (25.131-b11 mixed mode windows-amd64 compressed oops)
Heap:
 PSYoungGen      total 56832K, used 37026K [0x00000000f5580000, 0x00000000fb280000, 0x0000000100000000)
  eden space 47104K, 76% used [0x00000000f5580000,0x00000000f7898d68,0x00000000f8380000)
  from space 9728K, 11% used [0x00000000fa900000,0x00000000faa0fdc8,0x00000000fb280000)
  to   space 9728K, 0% used [0x00000000f8380000,0x00000000f8380000,0x00000000f8d00000)
 ParOldGen       total 87552K, used 27241K [0x00000000e0000000, 0x00000000e5580000, 0x00000000f5580000)
  object space 87552K, 31% used [0x00000000e0000000,0x00000000e1a9a668,0x00000000e5580000)
 Metaspace       used 20220K, capacity 20490K, committed 20736K, reserved 1067008K
  class space    used 2098K, capacity 2245K, committed 2304K, reserved 1048576K
GC Heap History (10 events):
Event: 14.677 GC heap before
{Heap before GC invocations=10 (full 0):
 PSYoungGen      total 37376K, used 36949K [0x00000000f5580000, 0x00000000f8600000, 0x0000000100000000)
  eden space 30208K, 100% used [0x00000000f5580000,0x00000000f7300000,0x00000000f7300000)
  from space 7168K, 94% used [0x00000000f7380000,0x00000000f7a15458,0x00000000f7a80000)
  to   space 9728K, 0% used [0x00000000f7c80000,0x00000000f7c80000,0x00000000f8600000)
 ParOldGen       total 87552K, used 12255K [0x00000000e0000000, 0x00000000e5580000, 0x00000000f5580000)
  object space 87552K, 13% used [0x00000000e0000000,0x00000000e0bf7ee0,0x00000000e5580000)
 Metaspace       used 16024K, capacity 16212K, committed 16256K, reserved 1062912K
  class space    used 1825K, capacity 1906K, committed 1920K, reserved 1048576K
Event: 14.690 GC heap after
Heap after GC invocations=10 (full 0):
 PSYoungGen      total 37888K, used 5986K [0x00000000f5580000, 0x00000000f8480000, 0x0000000100000000)
  eden space 29696K, 0% used [0x00000000f5580000,0x00000000f5580000,0x00000000f7280000)
  from space 8192K, 73% used [0x00000000f7c80000,0x00000000f8258910,0x00000000f8480000)
  to   space 9216K, 0% used [0x00000000f7280000,0x00000000f7280000,0x00000000f7b80000)
 ParOldGen       total 87552K, used 15403K [0x00000000e0000000, 0x00000000e5580000, 0x00000000f5580000)
  object space 87552K, 17% used [0x00000000e0000000,0x00000000e0f0afe0,0x00000000e5580000)
 Metaspace       used 16024K, capacity 16212K, committed 16256K, reserved 1062912K
  class space    used 1825K, capacity 1906K, committed 1920K, reserved 1048576K
}
Event: 15.094 GC heap before
{Heap before GC invocations=11 (full 0):
 PSYoungGen      total 37888K, used 35682K [0x00000000f5580000, 0x00000000f8480000, 0x0000000100000000)
  eden space 29696K, 100% used [0x00000000f5580000,0x00000000f7280000,0x00000000f7280000)
  from space 8192K, 73% used [0x00000000f7c80000,0x00000000f8258910,0x00000000f8480000)
  to   space 9216K, 0% used [0x00000000f7280000,0x00000000f7280000,0x00000000f7b80000)
 ParOldGen       total 87552K, used 15403K [0x00000000e0000000, 0x00000000e5580000, 0x00000000f5580000)
  object space 87552K, 17% used [0x00000000e0000000,0x00000000e0f0afe0,0x00000000e5580000)
 Metaspace       used 16043K, capacity 16218K, committed 16256K, reserved 1062912K
  class space    used 1825K, capacity 1907K, committed 1920K, reserved 1048576K
Event: 15.108 GC heap after
Heap after GC invocations=11 (full 0):
 PSYoungGen      total 38912K, used 5734K [0x00000000f5580000, 0x00000000f9600000, 0x0000000100000000)
  eden space 29696K, 0% used [0x00000000f5580000,0x00000000f5580000,0x00000000f7280000)
  from space 9216K, 62% used [0x00000000f7280000,0x00000000f7819a48,0x00000000f7b80000)
  to   space 9216K, 0% used [0x00000000f8d00000,0x00000000f8d00000,0x00000000f9600000)
 ParOldGen       total 87552K, used 20123K [0x00000000e0000000, 0x00000000e5580000, 0x00000000f5580000)
  object space 87552K, 22% used [0x00000000e0000000,0x00000000e13a6e08,0x00000000e5580000)
 Metaspace       used 16043K, capacity 16218K, committed 16256K, reserved 1062912K
  class space    used 1825K, capacity 1907K, committed 1920K, reserved 1048576K
}
Event: 16.617 GC heap before
{Heap before GC invocations=12 (full 0):
 PSYoungGen      total 38912K, used 35430K [0x00000000f5580000, 0x00000000f9600000, 0x0000000100000000)
  eden space 29696K, 100% used [0x00000000f5580000,0x00000000f7280000,0x00000000f7280000)
  from space 9216K, 62% used [0x00000000f7280000,0x00000000f7819a48,0x00000000f7b80000)
  to   space 9216K, 0% used [0x00000000f8d00000,0x00000000f8d00000,0x00000000f9600000)
 ParOldGen       total 87552K, used 20123K [0x00000000e0000000, 0x00000000e5580000, 0x00000000f5580000)
  object space 87552K, 22% used [0x00000000e0000000,0x00000000e13a6e08,0x00000000e5580000)
 Metaspace       used 16063K, capacity 16282K, committed 16512K, reserved 1064960K
  class space    used 1825K, capacity 1907K, committed 1920K, reserved 1048576K
Event: 16.622 GC heap after
Heap after GC invocations=12 (full 0):
 PSYoungGen      total 56320K, used 2737K [0x00000000f5580000, 0x00000000f9700000, 0x0000000100000000)
  eden space 47104K, 0% used [0x00000000f5580000,0x00000000f5580000,0x00000000f8380000)
  from space 9216K, 29% used [0x00000000f8d00000,0x00000000f8fac4b0,0x00000000f9600000)
  to   space 9728K, 0% used [0x00000000f8380000,0x00000000f8380000,0x00000000f8d00000)
 ParOldGen       total 87552K, used 23820K [0x00000000e0000000, 0x00000000e5580000, 0x00000000f5580000)
  object space 87552K, 27% used [0x00000000e0000000,0x00000000e1743250,0x00000000e5580000)
 Metaspace       used 16063K, capacity 16282K, committed 16512K, reserved 1064960K
  class space    used 1825K, capacity 1907K, committed 1920K, reserved 1048576K
}
Event: 16.919 GC heap before
{Heap before GC invocations=13 (full 0):
 PSYoungGen      total 56320K, used 49841K [0x00000000f5580000, 0x00000000f9700000, 0x0000000100000000)
  eden space 47104K, 100% used [0x00000000f5580000,0x00000000f8380000,0x00000000f8380000)
  from space 9216K, 29% used [0x00000000f8d00000,0x00000000f8fac4b0,0x00000000f9600000)
  to   space 9728K, 0% used [0x00000000f8380000,0x00000000f8380000,0x00000000f8d00000)
 ParOldGen       total 87552K, used 23820K [0x00000000e0000000, 0x00000000e5580000, 0x00000000f5580000)
  object space 87552K, 27% used [0x00000000e0000000,0x00000000e1743250,0x00000000e5580000)
 Metaspace       used 17259K, capacity 17504K, committed 17664K, reserved 1064960K
  class space    used 1955K, capacity 2036K, committed 2048K, reserved 1048576K
Event: 16.922 GC heap after
Heap after GC invocations=13 (full 0):
 PSYoungGen      total 56832K, used 2800K [0x00000000f5580000, 0x00000000fb280000, 0x0000000100000000)
  eden space 47104K, 0% used [0x00000000f5580000,0x00000000f5580000,0x00000000f8380000)
  from space 9728K, 28% used [0x00000000f8380000,0x00000000f863c128,0x00000000f8d00000)
  to   space 9728K, 0% used [0x00000000fa900000,0x00000000fa900000,0x00000000fb280000)
 ParOldGen       total 87552K, used 25349K [0x00000000e0000000, 0x00000000e5580000, 0x00000000f5580000)
  object space 87552K, 28% used [0x00000000e0000000,0x00000000e18c1748,0x00000000e5580000)
 Metaspace       used 17259K, capacity 17504K, committed 17664K, reserved 1064960K
  class space    used 1955K, capacity 2036K, committed 2048K, reserved 1048576K
}
Event: 17.246 GC heap before
{Heap before GC invocations=14 (full 0):
 PSYoungGen      total 56832K, used 49904K [0x00000000f5580000, 0x00000000fb280000, 0x0000000100000000)
  eden space 47104K, 100% used [0x00000000f5580000,0x00000000f8380000,0x00000000f8380000)
  from space 9728K, 28% used [0x00000000f8380000,0x00000000f863c128,0x00000000f8d00000)
  to   space 9728K, 0% used [0x00000000fa900000,0x00000000fa900000,0x00000000fb280000)
 ParOldGen       total 87552K, used 25349K [0x00000000e0000000, 0x00000000e5580000, 0x00000000f5580000)
  object space 87552K, 28% used [0x00000000e0000000,0x00000000e18c1748,0x00000000e5580000)
 Metaspace       used 18795K, capacity 19044K, committed 19072K, reserved 1067008K
  class space    used 2035K, capacity 2148K, committed 2176K, reserved 1048576K
Event: 17.249 GC heap after
Heap after GC invocations=14 (full 0):
 PSYoungGen      total 56832K, used 1087K [0x00000000f5580000, 0x00000000fb280000, 0x0000000100000000)
  eden space 47104K, 0% used [0x00000000f5580000,0x00000000f5580000,0x00000000f8380000)
  from space 9728K, 11% used [0x00000000fa900000,0x00000000faa0fdc8,0x00000000fb280000)
  to   space 9728K, 0% used [0x00000000f8380000,0x00000000f8380000,0x00000000f8d00000)
 ParOldGen       total 87552K, used 27241K [0x00000000e0000000, 0x00000000e5580000, 0x00000000f5580000)
  object space 87552K, 31% used [0x00000000e0000000,0x00000000e1a9a668,0x00000000e5580000)
 Metaspace       used 18795K, capacity 19044K, committed 19072K, reserved 1067008K
  class space    used 2035K, capacity 2148K, committed 2176K, reserved 1048576K
}

